140071
128668
71190
130913
140071
110024
91529
64985
140071
171906
140071
140071
155531
65167
97139
140071
64985
64985
97139
97139
97139
97139
97139
113567
110024
28027
63775
97139
140071
167991
97139
97139
97139
97139
140071
97139
140071
97139
92032
97139
97139
28027
140071
28027
97139
34290
97139
140071
97139
97139
46802
97139
97139
145046
97139
97139
110024
26680
97139
26680
86891
97139
97139
97139
110024
96964
26680
97139
140071
140071
14296
121860
110024
97139
97139
97139
97139
97139
97139
97139
97139
26680
97139
196057
24461
26680
97139
97139
37049
97139
181836
97139
157752
126180
115825
196057
55721
97139
37049
115825
115825
115825
115825
97139
157752
96978
97139
164662
97139
157752
97139
97139
97139
102455
127214
97139
157752
115825
37049
57831
97139
57831
97139
97139
97139
97139
157752
97139
96358
14296
97139
195093
86891
57831
97139
37049
102455
102455
37049
101003
102455
140071
192540
14296
102455
102753
84558
157752
102455
102455
102455
115825
14296
98299
78398
101003
86891
86891
86891
30006
101716
101716
116182
86891
86891
193976
196057
86891
86891
140071
157752
86891
86891
68208
72349
9507
80540
86891
14296
86891
86891
14296
96358
96358
102753
14296
96358
86891
96358
96358
96358
96358
96358
12916
86891
96358
66002
96358
170798
14296
96358
115825
101716
101716
124162
86891
190983
63213
86891
86891
86891
171906
86891
86891
86891
86891
40402
37049
34442
101716
100449
101716
54365
72349
101716
86891
121860
30006
87354
15003
101716
78398
101716
101716
14296
87354
72349
140071
101716
87354
101716
101716
124162
14296
157752
140071
86891
86891
86891
86891
14296
91154
86891
121860
86891
72349
86891
80540
112546
68708
99737
140071
19591
101716
86891
164807
86891
86891
72349
140071
86353
101716
68208
86891
86891
30006
101716
86891
101716
35515
101716
101716
101716
30006
101716
4741
14296
101970
101970
72238
101970
139024
84558
124531
124531
124531
6431
124531
101970
101970
101970
101970
101970
101970
84202
14296
141127
110945
101970
101970
101970
124598
101970
192942
101970
101970
14296
60240
140071
72419
124162
30006
91154
68760
124162
14296
140071
14296
18248
127843
14296
156208
124162
30006
156208
101970
34442
156146
84723
4741
16404
156146
14296
176783
156146
164807
156146
30006
140071
156146
156146
156146
156146
86060
156146
156146
101970
28381
13257
156146
140071
80540
71314
30006
156146
84558
140071
156146
156146
101970
140071
101970
16404
10764
156146
195914
101970
157929
157752
156146
156146
140071
26680
156146
80540
14296
10764
156146
86060
10764
10764
92498
101970
14296
101970
73285
156146
164807
12965
156146
160670
156146
156146
92498
191254
101970
156146
156146
30006
101970
10764
156146
156146
80144
14296
101970
92498
104372
156146
101970
72419
86060
13266
156146
156146
195354
101970
158579
67908
156146
156146
156146
156146
156146
10764
191714
156146
156146
156146
156146
196552
156146
101970
80540
156146
156146
106370
140071
30006
156146
156146
101970
101970
156146
157752
124162
80540
10764
102455
156190
10764
127003
156190
156190
102455
156190
156190
156190
102455
102455
124162
156190
102455
102455
124162
156190
102455
70430
163936
102455
102455
102455
102455
102455
102455
10764
102455
99226
67908
102455
102455
10764
102455
102455
102455
156190
57252
10764
98544
102455
121860
156190
102455
156190
80540
102455
102455
10764
54649
121860
156190
156190
102455
121860
121860
102455
102455
102455
102455
102455
102455
140071
102455
57252
102455
102455
187952
72419
121860
102455
102455
102455
102455
102455
80540
102455
10764
30006
80540
102455
80540
102455
156190
102455
156190
102455
121860
73517
102455
141920
102455
156190
102455
102455
102455
121860
102455
102455
102455
127003
66113
80498
67908
102455
102455
96179
10764
102455
156190
10764
91725
71671
75778
80540
165263
28423
102455
102455
121860
102455
102455
14296
80540
102455
80540
100137
121860
158390
57252
102455
156190
102455
102455
102455
102455
102455
121860
121860
102455
48444
102455
102455
102455
121860
80540
102455
102455
102455
102455
102455
102455
80540
121860
102455
102455
10764
102455
102455
80540
99839
121860
102455
80540
40086
121860
10764
80540
102455
102455
28423
157752
102455
156190
102455
102455
156190
102455
102455
102455
127296
8982
102455
10764
190600
102455
102455
102455
121860
102455
102455
102455
102455
102455
75778
57252
80540
156190
112296
156190
10764
121860
156190
121860
191254
28423
37218
156190
102598
102598
102598
156190
102598
102598
102598
28423
156190
156190
156190
80600
64246
156190
96179
102598
96179
156190
48444
156190
160219
195299
102598
156190
80600
156190
80600
67908
156190
102598
102598
32185
102598
156190
102598
73517
102598
9975
156190
80600
156190
156190
156190
32185
102598
156190
156190
96179
9975
80600
156190
96179
102598
102598
72419
174437
102598
102598
155372
156190
194197
156190
80600
102598
156190
156190
102598
102598
80600
70501
99827
32185
156190
72419
156190
32185
132252
96179
156190
99827
122120
32185
156190
99827
156190
99827
72419
99739
96179
80600
72419
60212
99827
99827
99827
99827
32185
99827
156190
156190
72419
156190
99827
99827
72419
156190
121860
99827
67908
72419
156190
156190
72419
99827
72419
156190
72419
156190
72419
149046
156190
72419
72419
139603
72419
32185
121860
156190
78398
99827
156190
149890
196552
99827
66512
28110
72419
139603
72419
99827
72419
72419
156190
139603
72419
39854
72419
102598
139603
72419
72419
72419
156190
5136
9975
156190
99827
72419
99827
72419
157752
159929
166981
157752
157752
72419
72419
157752
72419
102598
102598
72419
72419
72419
72419
193897
72419
157752
186339
72419
72419
72419
72419
102598
102598
72419
109765
72419
123426
139603
156190
70430
102598
78398
102598
78398
78398
78398
102598
78398
102598
157752
102598
78398
112494
190600
78398
102598
141127
176094
78398
149890
78398
157752
102598
102598
139603
32537
157752
102598
72349
157752
157752
128748
78398
78398
14296
9965
121860
78398
78398
102598
127214
149890
102598
102598
102598
102598
102598
67908
78398
102598
102598
9965
75778
196552
99827
78398
121860
102598
32459
69869
18666
78398
78398
78398
118994
157752
75778
78398
78398
39854
102598
78398
78398
78398
25877
72349
78398
78398
78398
102598
121860
78398
102598
78398
57831
78398
9965
78398
121860
78398
157752
156190
102598
102598
78398
78398
157752
104216
78398
157752
102598
78398
78398
132010
78398
102598
78398
102598
70430
78398
78398
121860
102598
163257
67908
28110
10764
132010
78398
78398
157752
78398
28110
78398
156190
66512
176094
139281
78398
78398
78398
78398
70430
78398
102598
78398
78398
122259
78398
78398
78398
78398
196552
78398
121860
78398
78398
78398
78398
78398
102598
72349
72349
9965
72349
102598
78398
72349
72349
9965
72349
72349
72349
72349
102598
72349
139281
60212
72349
72349
72349
102598
72349
102598
72349
72349
139603
198762
109765
72349
188672
72349
102872
72349
72349
192308
157752
72349
72349
157752
157752
72349
72349
78398
121860
104216
99827
72349
72349
121860
72349
72349
72349
24378
78398
72349
72349
9965
72349
126283
104216
157752
104216
28110
72349
72349
72349
72349
102598
72349
72349
71894
121860
72349
102598
157752
28110
9965
139281
174650
21087
72349
157752
72349
81225
28110
72349
72349
72349
152263
72349
72349
72349
164283
121860
121860
196552
121860
121860
72170
80600
157752
121860
72170
72170
21087
46802
139281
72170
72170
4704
104216
39854
28423
109765
72170
164804
72170
72170
45410
157752
104216
72170
72170
104216
83074
39854
83074
72170
80600
72170
78947
60212
105243
102598
78947
72170
174650
102598
72170
72170
72170
102598
72170
93299
28110
156610
157752
72170
72170
118116
121934
121934
70430
126283
72170
121934
102598
121934
78398
132010
72170
157752
78398
102598
72170
157752
10764
31317
72170
72170
157752
72170
72170
72170
72170
72170
72170
72170
72170
72170
157752
72170
14296
72170
126283
72170
28110
102598
157752
109765
72170
72170
72170
72170
72170
72170
72170
121934
72170
72170
72170
78562
28110
104216
156190
72170
72170
72170
78562
157752
157752
72170
193897
139281
78562
174302
78562
121364
104216
139281
72170
28110
72170
28110
72170
72170
72170
28110
196553
72170
157752
72170
72170
174302
72170
31089
72170
72170
148171
72170
99827
72170
12212
69894
99827
72170
121364
85352
72170
28110
99827
104216
72170
72170
78947
72170
72170
157752
80635
157752
71422
28110
21087
72170
79005
70057
39854
72170
72170
28110
72170
99827
78562
121364
162775
72170
72170
72170
72170
72170
28110
72170
104216
195396
72170
72170
72170
65733
25763
104216
109431
95137
72170
72170
126283
72170
28110
31581
99827
72170
72170
121364
72170
163936
72170
72170
157752
121364
121364
72170
121364
144994
10764
72170
174302
99827
72170
121364
72170
80626
78562
121364
33405
72170
72170
72170
72170
67908
72170
121364
174302
121364
72170
79113
72170
149961
72170
157752
67792
72170
72170
72170
47690
72170
72170
72170
72170
99827
99827
72170
121364
72170
149961
84776
72170
72170
78562
25763
80759
72170
121364
28110
72016
72170
72170
72170
72170
72170
78562
121364
72170
72170
157752
10764
192857
157752
72170
104216
83074
45410
83074
72170
72170
80600
121364
121364
72170
72170
174302
83074
157752
71150
99827
45410
72170
99827
72170
123426
72170
99827
72170
72170
99827
72170
121364
176094
121364
31089
78562
72170
28110
72170
71422
31089
71422
71422
121934
71422
71422
71422
71422
157752
196552
99827
196552
71422
158558
78047
71422
67908
80600
121934
99827
71422
71422
174173
157752
71422
118210
71422
196552
71422
157752
31089
139281
71422
78047
99827
196552
40284
71422
118439
80600
71422
31089
31089
71422
118210
90296
31089
99827
122754
78562
71422
99827
71422
192308
71422
71422
83074
157752
71387
71422
71422
118210
157752
118210
71422
71422
118210
121934
88328
71422
45410
4704
71422
71422
71422
39854
71422
78947
71422
88328
71422
165343
71422
71422
71422
71422
80600
71422
71422
132145
71422
94463
118210
109431
71422
71422
31089
71422
71422
156550
71422
71422
80600
71422
31089
71422
71422
71422
71422
71422
71422
118210
121934
31089
156550
71422
99827
71422
71422
71422
94463
118210
118087
118210
8399
71422
71422
24431
118210
25398
84776
78047
118210
71422
196552
80600
71422
118210
71422
78047
99491
71422
71422
68939
71422
67908
176094
37403
132643
71422
158253
121934
39854
71422
71422
71422
158253
158253
71422
84776
71422
71422
71422
118210
190486
71422
158253
39854
158253
118210
118210
71422
78047
71422
55823
71422
71422
139281
78047
118210
72170
72170
80600
72170
40995
115825
158253
78047
104216
94463
90296
72170
80600
39854
72170
72170
186339
72170
72170
72170
84776
72170
72170
158253
159788
72170
72170
81225
72170
72170
84776
88477
158253
61725
72170
121934
72170
72170
4704
67908
72170
39854
158253
72170
99931
72170
88477
78047
99491
72170
72170
158253
72170
39854
72170
72170
72170
72170
176094
158253
72170
72170
56413
39854
78047
72170
72170
72170
72170
71422
78047
71422
71422
71422
56413
71422
71422
71422
158253
71422
71422
25763
102620
71422
71422
71422
71422
99491
31089
71422
71422
158253
158253
132145
88477
99491
158253
31089
93224
88477
83074
158253
88477
71422
158253
93396
71422
82788
71422
99491
78047
71422
115825
158253
78047
71422
71422
71422
163936
99491
71422
60212
71422
71422
71422
71422
71422
71422
71422
10764
93224
149961
80600
83074
78047
56413
158253
71422
71422
71422
39854
192729
31089
71422
115825
71422
192729
158253
102620
93224
30403
99491
78047
71422
71422
102620
139024
139024
71422
71422
71422
12996
60212
163936
71422
71422
158253
71422
31089
71422
71422
71422
71422
31089
188527
71422
71422
99491
71422
158253
158253
71150
80600
71150
104216
71150
71150
138672
136851
71150
71150
71150
85023
71150
109431
71150
71150
176094
158253
91273
158253
90760
71150
158390
156550
158253
95749
71150
158253
71150
85023
71150
115825
71150
71150
29998
95749
80600
71150
158253
158253
192729
163152
93224
31089
158253
71150
71150
31089
90760
71150
46802
78047
71150
71150
158253
171473
12996
71129
31089
71150
90760
71150
71150
158410
71150
71150
71150
71150
158253
71150
31274
71150
31274
198869
83074
71150
31274
71150
80600
71150
85023
31274
80600
31274
158253
118210
71150
71150
71150
31274
99827
71150
33414
31274
71150
24378
31274
158253
31274
99827
104216
71150
31274
71150
71150
158253
71150
158253
71150
176094
71150
71150
132252
118210
149961
158253
31274
71150
118210
71150
71150
149961
71150
71150
71314
71150
71150
71150
71150
71150
54930
71150
71150
71150
158253
71150
1273
71150
90760
71150
99827
71150
71150
83147
149961
90760
71150
71150
158253
71150
139024
99827
118210
158253
71150
139024
93224
78562
139024
90760
176955
71150
71150
158253
71150
82788
46802
192729
78562
71150
71150
90827
71150
71150
71150
54687
71150
71150
82788
31581
158253
106370
71150
71150
78562
71150
109141
115825
31581
28110
72170
71150
71150
71150
71150
106370
78562
78947
71150
31581
158253
139024
102753
39854
70430
121934
71150
71150
158253
99827
71150
71150
31581
71150
158253
71150
139024
71150
71150
71150
90760
93224
71150
71150
71150
39854
99827
158253
174302
71150
31581
71150
158253
71150
71150
71150
71150
99827
71150
114667
85067
81476
99827
71150
71150
106370
31581
78562
91154
139024
71150
104216
32032
71150
71150
78562
158253
90760
71150
71150
139024
71150
71150
71150
158253
78562
71150
78562
158253
78562
90760
99827
114667
71150
71150
83068
54930
71150
90760
71150
71150
71150
139024
158253
71150
71150
71150
71150
78562
80600
71150
158253
158253
104216
71150
78562
78562
99827
165364
158253
78562
71150
71150
71150
71150
99827
102762
12996
71150
199769
71150
106370
31581
99827
71150
71150
71150
71150
99827
71150
158253
162982
114667
71150
114667
118210
118210
31581
71150
31581
118210
71150
139024
90760
71150
31581
114667
71150
71150
71150
192729
158253
71150
80600
162982
99827
163913
78562
71150
71150
12996
71150
139024
118210
31581
71150
71150
71150
71150
71150
158253
106370
31581
71150
71150
71150
71150
121934
117228
158226
71150
80600
132252
90760
71150
78562
71150
71150
71150
99827
114667
71150
71150
71150
78562
175681
71150
90760
132252
78562
71150
71150
71150
31581
132252
71150
114667
71150
71150
71150
71150
71150
174650
114667
106370
158253
71494
190369
71150
132252
71150
114667
158253
90760
71150
158253
118210
114667
71150
78562
114667
158253
67252
78562
83813
114667
71150
156550
114667
54015
132252
158253
115919
71150
90760
80600
71150
99827
99827
71150
118713
190369
190369
90760
47599
164476
71150
31581
12996
71150
78562
23359
93224
99827
12996
71150
71150
91258
71150
90760
78562
31581
47599
71150
174650
71150
71150
71150
31581
158253
21565
115737
158253
90827
71150
158253
71150
71150
115737
71150
158253
115067
71150
31581
71150
71150
71150
71150
71150
90760
158253
71150
71150
190369
71150
158253
90760
12996
158253
115067
190369
78562
71127
71127
82764
99827
31581
115067
149961
71127
31581
71127
143583
71127
93224
71127
71127
158253
54546
158253
54546
71127
28110
106370
158253
31281
71127
71127
155979
31581
71127
67271
139024
78562
174650
85023
71127
21565
71127
149961
71127
71127
71127
71127
71127
115067
71127
80600
