AB
BB
A
ABAAABAAABAAABAAABAA
AB
BBABBBBABB
BAABAABABABBABBABBABBABBABBABB
AAAAAAAAABAAAAAAAA
ABAABA
AAAAAABAAAAAABA
ABBBBABBBBAB
BBBABBBBABBBBA
BBBBABBB
AABAAB
AAAABAAAAABAAA
A
AABAABAABAABAABAABAABAAB
BBBBBBBBBBBBBBBABBBBBBBBBBBBBB
BBABBBBABBBBABBBBABBBBABBBBA
BBBBAB
AAAABAAAA
BB
BAABAA
AABAAA
ABAAAAB
AAABAAAABAAAABA
AAABBBABBBABBBABBBABBBABBBABBBAB
BBBABBBABBBABBBA
BAABABABBABBABBABBABBAB
BAAAAAAABAA
BBB
BAAAAABAAAAABAAAAABAAAA
BAAB
BABBAB
AAAABAAAAAABAAAA
B
ABA
BAABAABBABBABBABB
AAAAABAAAAAA
BBBABBBABBBABB
BBBABBBBBABBBBBABBBBBABB
AABAABAABAABA
AAAB
BB
BAABAABAABAABAABAABAABABBABBABBABBABB
ABABABABABABABABABABABABAB
AABAA
BABBA
BA
BAABAABAABAABAABA
B
ABB
ABA
AABAAABAAABAAABAAA
B
ABA
BBABBBBABBBBABBBBABBBBABBBBABBBBA
BBBBBBBBBBBBBBBBBAB
ABAABAABAABAABAA
BBBBBBBABBBBBBBABBBBBBBABBB
BBBBBABBB
BABBBBBBBBBBBABB
AABAABAABBABBA
BBBABBBB
ABBBBBBBBBB
BBBBBBBBBABBBBBBB
AAABAAAAAABAAAAAABAAAAAABAAAA
BA
BA
A
BBBBA
AAAAAAABAA
ABBBA
AAAAAAAAABAAAAAAAAAAA
AABAABAABAABAABAABAABABABBAB
BAAAAAAABAAAAAAABAAAAAAABAAAAAA
AAAAABAA
BAABAABAABAAB
AB
ABBABBABBABBAB
AAAABAAAAA
BBABBABBABBABBAB
BAB
BAAA
BB
ABBABBABBABBABBA
AABAABAABAABAABAABABBABBAB
ABBBBBABBBBBABBBB
BAABAABAABAABAA
AABAAABAAABAAABAAABAB
BBA
BABBABBAB
A
BBAB
ABBBABBBABBBA
ABAA
ABAABAABAABABBAB
BBBABBBBBBBBBABBBBBB
BBABBA
ABABABABABABABA
ABAAABAAABAAAB
AAA
BABBAB
BAABAABAABAABAABAABAABA
BBBBBBABB
A
AB
BA
BBABBBBBBABBBBBBABBBBBB
BAABAABAABAABAABABAB
AAAAAAAAAABAAAAAAAAAA
ABBABBAB
ABAB
ABBBA
ABBABBABBABBABBABBAB
BAAABAA
BBBBABBBBABBBBABBBBABBBB
BBBABBBBBBABB
ABABA
BAAABAAABAAABAAABAAAB
BBA
ABABBA
BABABABABABA
B
BBABB
BABBAB
ABBBBABBB
ABAAABAAAB
AB
AAABAA
ABBBBBABBB
BABABABABABABABABABABA
BAAAAAAAAAAAAAAAAAAAAA
BAAAAABA
BBBBBBBBBBBBBBBBBBABBBBBBBBBBBBBBBBBB
ABABABABAB
ABBABBAB
BBBABBBABBBABBBA
BBABBBBABBBBAB
BBBBABBBBBABBBBB
BAB
AAAABAAAABAAAABAAAABAAA
B
AAAAAABAAAAAA
BABBABB
BABBBBBABBBBBABBBBBA
ABAAB
ABBBABBBABBBABBBA
AAAABAAAAAAA
AAAAABAAAAABAAAA
BAABAAB
BABBABBABBABBABBABB
AAAAABAAA
ABBBAB
ABAABAABAABAABAABAABABABB
AAAAABAAAAAABAAA
AA
BAAAA
BBABBBABBB
AAAAA
BBABBBBABBBBABBBBABBBBABBBBABB
A
BBBBBABBBBBBABBBBBBABBBBB
BAABAABAABBABBA
BBBBBBBBB
BAAAAAABAAA
AABAAAAABAAAAAB
BBBB
BAAAAAAA
AABAAABAAABAAAB
AABAABAABAA
AAAAAAAAABAAAAAAAAAABAAAAA
BAAA
AB
BBBA
BABBA
BAAB
B
AABAABAABAABABB
BABABABABABABAB
BAABAABAABA
A
AAABAAABAAABAAABAAABAAABAAABAAABAABB
BBABBABBABBABBABBABB
B
AB
AAABAA
AABAABAABAABAABAAB
ABBABBABBABBA
BABA
AABAAABA
B
BBBBAB
BBB
BB
BBABBBABBBABBB
ABBBABBBAB
BAABBABBA
BBABBABBABBABBABBABB
BAABBABBABBABB
BAABAABAABAABAABAAB
AAABA
BA
B
BBBBABBBBBABBBB
ABAABAABAABAABAABAAB
BAABAABAABAABAABAAB
BBBBABB
BBABB
ABA
AAAAAABAAAAAAAAABAAAAA
AAAAA
AAA
BBA
ABAAAABAAAA
AABAABAAB
BABBBABBBABBBABBBABBBABBBAB
BBBBBBBABBBBBBBBB
BA
BAABA
BABBA
A
ABABABAB
BBBABBBBBBBBABBBBBB
BB
ABBABBABBABB
BABBBABBBABBBABBBABBBABB
AAAAAABAAAAAAAB
B
BBBBBBBABBBBB
ABBABBABB
BBBABBBBBBBBABBBBBBBBABBBBBBBBABBB
AB
BBABBBABBBABBBABBBABBBAB
AABAAAAAA
ABABAB
BBBABBBBA
BBA
BA
AABAA
ABB
A
AAAAAA
BBBBABBBBBABBBBB
BBBBAB
AABAABABA
AAAA
AABAABAABAABAABAA
BBABB
AABA
BAB
BABBBABBBABB
BAAAAAAAABAAAA
BBABBABB
ABBABBABBA
BABBABBABBAB
AAAAA
BAB
AAAAAAAAAABAAAAAAAAAAAAAAAAAAA
B
ABBBBBABBB
BBBB
BBABB
AAAAAAAAA
BBABBAB
ABAAAABAAAABAAAABAAAABAAAABAAAABA
BA
BBBBBBBBABBBBBBB
ABBBABBBABBBABB
BBBBBBBBBBBABBB
AAABAAABAAABAAABAA
ABAABAABAAB
AAABAA
BABBABB
BBBBABBBBABBBBABBBBABBBBA
B
BABABABABABABABABA
ABABABABABABABABAB
AABAABAA
BAABAA
AABAAA
BBABBBBBABBBBBABB
BBABBBA
ABBBABBBABBBABBBABBBABB
AAAAB
BBBBBBBBBBABBBBB
BABB
BABABABABA
BABABABABABABABABABABABABABA
BABBA
AABAAABAAABAAABAAABAAABAAABAAABAAABBB
BABAB
AAAAAAAABAAAAAAAA
ABAAB
BBBA
BAAAA
ABAABAABAABAABAABAABAABAABAAB
AABAABAA
BABBABBABBABBABBABB
ABAA
BBBBABBBBBBABBBBBBABBBBB
AAAAABAAAAAA
ABABABABABABABABABABABABABABABA
BABBABBABB
BBBAB
BAABA
BAABA
AABAABAABAABAABAA
BBABBABBA
BBBABBBBBBBBBBB
AAABAAABAAABAAABAAABAAABA
AABAAAA
AB
B
B
BBBABBBBBBBBABBBBBBBB
AAAAAABAAAAAAA
BB
BBAB
ABBABBABBAB
BBBBBBABBBBBBABBBBBBABBBB
AAAAAAA
ABAABAABAABAABAABAABAA
ABAABA
AABAABABBABBABB
BBABBABB
A
ABBBBBBBBBBABBBBBBB
ABBBBABBB
BBB
AAABAAABAAABAAABAAABAAABAAABBAB
BBABBABBABBABBABBABB
ABAABAABAABAABAABAABBABB
AABAABAABAA
ABAAABAAA
AAAAAAABAAAAAA
ABAABAABAABAABAABAA
BBBBBBBBBBBBBBBBABBBBBBBBBBBBBB
BBBABBBABBBABB
BBBABBBBBBBBBBBBBBBB
BA
AAAAAAAAAAAAA
ABAAAAABAAAAABA
BBBBBABBBBBBB
ABAABAABAABABB
AAA
AA
AAB
BABBBABBBABB
BAA
BAB
B
BBBB
BAABAAB
ABB
BBAB
BBBBABBBBBBABBBBBB
A
ABAAAABAAAA
ABAABBABBABB
ABBBA
AABAABAA
BBBBBBBBBABBBBBBBBBBABBBBBBBBB
BAABAABAABAABAABAABAABAABAABAABA
BAABAABAABAAB
BBABBBABBBABB
A
BABBABBABB
AAAAAAB
ABAABAABABBA
ABA
AAAAAAABAAAAAA
BAABAABAABAABAABABAB
AAAAAAAAAA
BBBABBBABBBABBB
AABAAABAAABAA
ABAA
AABAABABABBABBABBABBABB
A
A
BAAAABAAA
BBABB
A
ABAAABAAABAAABA
BBA
ABAABAABAABAABAAB
BAABAABAABAABAABAABA
AAA
ABB
BBA
AAABAAAAABAAAAABAAAAABAAA
BB
AAAAAAAAAAA
ABABABABABABABABABABAB
BBBBB
BBBBBAB
BBABBABBABBABBAB
BBABBABBAB
ABAABBABBABBA
BBBBBBABBBBBBABBBB
BBB
ABAABAABAABAABAABAAB
AABAABABBABB
BA
BBBB
A
BABBBBBBBBABBBB
BABBABBABB
ABBABBAB
AAAABAAAAABA
ABBBAB
BAAABA
AABAABAABAA
AABAABAABAABAABAABAABAABABABBABBA
AABAAAAAAAA
AAABAAAAAAAAAAAAAAAAAA
AAAA
ABA
BB
B
A
AA
BBB
B
BBBBBABBBB
BABBBB
AAAABA
AA
ABBABB
ABBB
AAABAAABAAABAAABAAABAAABAAABAAABAABBB
ABBAB
AABAABAABAABAABABBA
AB
AAB
BBABB
ABBBBBA
ABAAAAABAA
ABAAAABAAAAB
BBABBBBBBABBBBBB
AABAAAABAAAABAAAABAA
ABAAAABAAAABAAAABAAAA
ABBBBB
BAABAABAABAABAABAABAABAAB
BBABB
BB
BBABBBBBBBBBBBBBB
BBABBBBABBBBABBBBA
BBBABBBBBBABBBBBBABBBB
A
ABABABABABABABA
BBBBBABBBBB
BABB
ABBABBABBABBABB
BAABAABAABAAB
BBBBB
A
BABBA
BABBBB
BABABABAB
ABBABBABBABBABB
BBABBBBBB
BAABAABAABAABAABA
AAAAABAAAAABAAAAABAAAAABAAA
ABBBABBBABBBABBBAB
BAAABAAABAAABAAABABB
BAA
AABAABBABBABBABBA
BAAAAAAAAA
BAAAAAABAA
ABAAAB
AABAABAABAABAB
BBB
BAABAABAABAABAABAABAABAABABABBABBABB
ABAABAABABAB
BAABAABAABAABAABAABAA
BBABBBABBBA
AABAAABAAABABAB
A
AAAABAAA
ABAABAABAB
AABA
ABBBABBBABBBABBBABBBABBBA
AABAAAA
ABAAAAA
BABBBBABBBBABB
AAB
BBAB
BBABBBBABBB
AABAABAAB
BBBBBBA
BAAABA
BBBBBBBBBBBBBBBBBBABBBBBBBBBBB
BBBBBB
ABAB
BABBABBBABBBABBBABB
ABABABAB
BAABAABAABAABBABBABBABBAB
A
BA
B
ABAABAABABABBABBABBAB
AABA
BBABBBBBBBBBBB
AAABAAAABAAAABAAAABA